2017-11-04 00:47:27 WARNING (MainThread) [homeassistant.config] Incomplete core configuration. Auto detected latitude: 32.5151, longitude: -92.6262, name: Ruston, time_zone: America/Chicago, elevation: 91
2017-11-04 00:47:30 INFO (MainThread) [homeassistant.loader] Loaded frontend from homeassistant.components.frontend
2017-11-04 00:47:30 INFO (MainThread) [homeassistant.loader] Loaded api from homeassistant.components.api
2017-11-04 00:47:30 INFO (MainThread) [homeassistant.loader] Loaded http from homeassistant.components.http
2017-11-04 00:47:30 INFO (MainThread) [homeassistant.loader] Loaded websocket_api from homeassistant.components.websocket_api
2017-11-04 00:47:30 INFO (MainThread) [homeassistant.core] Bus:Handling <Event service_registered[L]: domain=logger, service=set_level>
2017-11-04 00:47:30 INFO (MainThread) [homeassistant.setup] Setup of domain logger took 1.4 seconds.
2017-11-04 00:47:30 INFO (MainThread) [homeassistant.core] Bus:Handling <Event component_loaded[L]: component=logger>
2017-11-04 00:47:30 INFO (MainThread) [homeassistant.setup] Setting up http
2017-11-04 00:47:30 INFO (MainThread) [homeassistant.setup] Setup of domain http took 0.0 seconds.
2017-11-04 00:47:30 INFO (MainThread) [homeassistant.core] Bus:Handling <Event component_loaded[L]: component=http>
2017-11-04 00:47:30 INFO (MainThread) [homeassistant.setup] Setting up websocket_api
2017-11-04 00:47:30 INFO (MainThread) [homeassistant.setup] Setup of domain websocket_api took 0.0 seconds.
2017-11-04 00:47:30 INFO (MainThread) [homeassistant.core] Bus:Handling <Event component_loaded[L]: component=websocket_api>
2017-11-04 00:47:30 INFO (MainThread) [homeassistant.setup] Setting up api
2017-11-04 00:47:30 INFO (MainThread) [homeassistant.setup] Setup of domain api took 0.0 seconds.
2017-11-04 00:47:30 INFO (MainThread) [homeassistant.core] Bus:Handling <Event component_loaded[L]: component=api>
2017-11-04 00:47:30 INFO (MainThread) [homeassistant.setup] Setting up frontend
2017-11-04 00:47:30 INFO (MainThread) [homeassistant.setup] Setup of domain frontend took 0.2 seconds.
2017-11-04 00:47:30 INFO (MainThread) [homeassistant.core] Bus:Handling <Event component_loaded[L]: component=frontend>
2017-11-04 00:47:30 INFO (MainThread) [homeassistant.loader] Loaded input_select from homeassistant.components.input_select
2017-11-04 00:47:30 INFO (MainThread) [homeassistant.setup] Setting up input_select
2017-11-04 00:47:30 INFO (MainThread) [homeassistant.core] Bus:Handling <Event service_registered[L]: domain=input_select, service=select_option>
2017-11-04 00:47:30 INFO (MainThread) [homeassistant.core] Bus:Handling <Event service_registered[L]: domain=input_select, service=select_next>
2017-11-04 00:47:30 INFO (MainThread) [homeassistant.core] Bus:Handling <Event service_registered[L]: domain=input_select, service=select_previous>
2017-11-04 00:47:30 INFO (MainThread) [homeassistant.core] Bus:Handling <Event service_registered[L]: domain=input_select, service=set_options>
2017-11-04 00:47:30 INFO (MainThread) [homeassistant.loader] Loaded script from homeassistant.components.script
2017-11-04 00:47:30 INFO (MainThread) [homeassistant.loader] Loaded group from homeassistant.components.group
2017-11-04 00:47:30 INFO (MainThread) [homeassistant.setup] Setting up group
2017-11-04 00:47:30 INFO (MainThread) [homeassistant.core] Bus:Handling <Event state_changed[L]: entity_id=group.default_view, new_state=<state group.default_view=unknown; order=0, assumed_state=False, view=True, entity_id=('script.add_remote', 'input_select.delete_device'), friendly_name=Device Page, hidden=True @ 2017-11-03T19:47:30.842546-05:00>, old_state=None>
2017-11-04 00:47:30 INFO (MainThread) [homeassistant.loader] Loaded hello_state from custom_components.hello_state
2017-11-04 00:47:30 INFO (MainThread) [homeassistant.setup] Setting up hello_state
2017-11-04 00:47:30 INFO (MainThread) [homeassistant.loader] Loaded python_script from homeassistant.components.python_script
2017-11-04 00:47:30 INFO (MainThread) [homeassistant.loader] Loaded automation from homeassistant.components.automation
2017-11-04 00:47:30 INFO (MainThread) [homeassistant.loader] Loaded automation.state from homeassistant.components.automation.state
2017-11-04 00:47:30 INFO (MainThread) [homeassistant.core] Bus:Handling <Event state_changed[L]: entity_id=input_select.delete_device, new_state=<state input_select.delete_device=Select Device to Delete; friendly_name=Delete Device, options=['Select Device to Delete', 'option 2'] @ 2017-11-03T19:47:30.913331-05:00>, old_state=None>
2017-11-04 00:47:30 INFO (MainThread) [homeassistant.setup] Setup of domain hello_state took 0.1 seconds.
2017-11-04 00:47:30 INFO (MainThread) [homeassistant.core] Bus:Handling <Event component_loaded[L]: component=hello_state>
2017-11-04 00:47:30 INFO (MainThread) [homeassistant.setup] Setup of domain input_select took 0.1 seconds.
2017-11-04 00:47:30 INFO (MainThread) [homeassistant.core] Bus:Handling <Event component_loaded[L]: component=input_select>
2017-11-04 00:47:31 INFO (MainThread) [homeassistant.core] Bus:Handling <Event service_registered[L]: domain=group, service=reload>
2017-11-04 00:47:31 INFO (MainThread) [homeassistant.core] Bus:Handling <Event service_registered[L]: domain=group, service=set>
2017-11-04 00:47:31 INFO (MainThread) [homeassistant.core] Bus:Handling <Event service_registered[L]: domain=group, service=remove>
2017-11-04 00:47:31 INFO (MainThread) [homeassistant.core] Bus:Handling <Event service_registered[L]: domain=group, service=set_visibility>
2017-11-04 00:47:31 INFO (MainThread) [homeassistant.setup] Setup of domain group took 0.2 seconds.
2017-11-04 00:47:31 INFO (MainThread) [homeassistant.core] Bus:Handling <Event component_loaded[L]: component=group>
2017-11-04 00:47:31 INFO (MainThread) [homeassistant.setup] Setting up script
2017-11-04 00:47:31 INFO (MainThread) [homeassistant.core] Bus:Handling <Event service_registered[L]: domain=script, service=xxx>
2017-11-04 00:47:31 INFO (MainThread) [homeassistant.core] Bus:Handling <Event service_registered[L]: domain=script, service=dummy_panel>
2017-11-04 00:47:31 INFO (MainThread) [homeassistant.core] Bus:Handling <Event service_registered[L]: domain=script, service=print_attributes>
2017-11-04 00:47:31 INFO (MainThread) [homeassistant.core] Bus:Handling <Event service_registered[L]: domain=script, service=add_remote>
2017-11-04 00:47:31 INFO (MainThread) [homeassistant.setup] Setting up automation
2017-11-04 00:47:31 INFO (MainThread) [homeassistant.core] Bus:Handling <Event state_changed[L]: entity_id=script.dummy_panel, new_state=<state script.dummy_panel=off; config=columns=3, cell_height=75px, cell_width=75px, entities=[OrderedDict([('entity', 'script.print_attributes'), ('caption', 'Cmd'), ('data', OrderedDict([('value', 'Cmd')]))]), OrderedDict([('entity', 'script.xxx'), ('caption', 'B1'), ('data', OrderedDict([('value', 'B1')]))]), OrderedDict([('entity', 'script.xxx'), ('caption', 'B2'), ('row_span', 3), ('data', OrderedDict([('value', 'B2')]))]), OrderedDict([('entity', 'script.xxx'), ('icon', 'mdi:power'), ('column_span', 2), ('row_span', 2), ('data', OrderedDict([('value', 'Power')]))]), OrderedDict([('entity', 'script.xxx'), ('caption', '^'), ('column', 2), ('row', 4), ('data', OrderedDict([('value', 'top')]))]), OrderedDict([('entity', 'script.xxx'), ('caption', '<'), ('column', 1), ('row', 5), ('data', OrderedDict([('value', 'left')]))]), OrderedDict([('entity', 'script.xxx'), ('caption', 'OK'), ('column', 2), ('row', 5), ('data', OrderedDict([('value', 'ok')]))]), OrderedDict([('entity', 'script.xxx'), ('caption', '>'), ('column', 3), ('row', 5), ('data', OrderedDict([('value', 'right')]))]), OrderedDict([('entity', 'script.xxx'), ('caption', 'v'), ('column', 2), ('row', 6), ('data', OrderedDict([('value', 'bottom')]))])], last_triggered=None, friendly_name=dummy_panel, custom_ui_state_card=state-card-button-panel @ 2017-11-03T19:47:31.032687-05:00>, old_state=None>
2017-11-04 00:47:31 INFO (MainThread) [homeassistant.core] Bus:Handling <Event state_changed[L]: entity_id=script.print_attributes, new_state=<state script.print_attributes=off; last_triggered=None, friendly_name=print_attributes @ 2017-11-03T19:47:31.036913-05:00>, old_state=None>
2017-11-04 00:47:31 INFO (MainThread) [homeassistant.core] Bus:Handling <Event state_changed[L]: entity_id=script.xxx, new_state=<state script.xxx=off; last_triggered=None, friendly_name=xxx @ 2017-11-03T19:47:31.047957-05:00>, old_state=None>
2017-11-04 00:47:31 INFO (MainThread) [homeassistant.core] Bus:Handling <Event state_changed[L]: entity_id=script.add_remote, new_state=<state script.add_remote=off; config=columns=1, cell_height=75px, cell_width=460px, entities=[OrderedDict([('entity', 'script.xxx'), ('caption', 'Add Device'), ('data', OrderedDict([('value', 'unused')]))])], last_triggered=None, friendly_name=add_remote, custom_ui_state_card=state-card-button-panel @ 2017-11-03T19:47:31.050673-05:00>, old_state=None>
2017-11-04 00:47:31 DEBUG (MainThread) [homeassistant.components.automation] Automation automation.print_stuff initial state True from default initial state
2017-11-04 00:47:31 INFO (MainThread) [homeassistant.core] Bus:Handling <Event state_changed[L]: entity_id=automation.print_stuff, new_state=<state automation.print_stuff=off; last_triggered=None, friendly_name=Print Stuff @ 2017-11-03T19:47:31.054424-05:00>, old_state=None>
2017-11-04 00:47:31 INFO (MainThread) [homeassistant.core] Bus:Handling <Event state_changed[L]: entity_id=group.default_view, new_state=<state group.default_view=off; order=0, assumed_state=False, view=True, entity_id=('script.add_remote', 'input_select.delete_device'), friendly_name=Device Page, hidden=True @ 2017-11-03T19:47:31.056963-05:00>, old_state=<state group.default_view=unknown; order=0, assumed_state=False, view=True, entity_id=('script.add_remote', 'input_select.delete_device'), friendly_name=Device Page, hidden=True @ 2017-11-03T19:47:30.842546-05:00>>
2017-11-04 00:47:31 INFO (MainThread) [homeassistant.core] Bus:Handling <Event service_registered[L]: domain=script, service=reload>
2017-11-04 00:47:31 INFO (MainThread) [homeassistant.core] Bus:Handling <Event service_registered[L]: domain=script, service=turn_on>
2017-11-04 00:47:31 INFO (MainThread) [homeassistant.core] Bus:Handling <Event service_registered[L]: domain=script, service=turn_off>
2017-11-04 00:47:31 INFO (MainThread) [homeassistant.core] Bus:Handling <Event service_registered[L]: domain=script, service=toggle>
2017-11-04 00:47:31 INFO (MainThread) [homeassistant.setup] Setup of domain script took 0.1 seconds.
2017-11-04 00:47:31 INFO (MainThread) [homeassistant.core] Bus:Handling <Event component_loaded[L]: component=script>
2017-11-04 00:47:31 INFO (MainThread) [homeassistant.core] Bus:Handling <Event call_service[L]: service_call_id=1958710576-1, service_data=object_id=all_scripts, entities=['script.add_remote', 'script.dummy_panel', 'script.print_attributes', 'script.xxx'], name=all scripts, visible=False, domain=group, service=set>
2017-11-04 00:47:31 INFO (MainThread) [homeassistant.core] Bus:Handling <Event call_service[L]: service_call_id=1958710576-2, service_data=object_id=all_automations, entities=['automation.print_stuff'], name=all automations, visible=False, domain=group, service=set>
2017-11-04 00:47:31 INFO (MainThread) [homeassistant.core] Bus:Handling <Event state_changed[L]: entity_id=group.all_scripts, new_state=<state group.all_scripts=off; order=1, assumed_state=False, auto=True, entity_id=('script.add_remote', 'script.dummy_panel', 'script.print_attributes', 'script.xxx'), friendly_name=all scripts, hidden=True @ 2017-11-03T19:47:31.172803-05:00>, old_state=None>
2017-11-04 00:47:31 INFO (MainThread) [homeassistant.core] Bus:Handling <Event service_executed[L]: service_call_id=1958710576-1>
2017-11-04 00:47:31 INFO (MainThread) [homeassistant.core] Bus:Handling <Event state_changed[L]: entity_id=group.all_automations, new_state=<state group.all_automations=off; order=2, assumed_state=False, auto=True, entity_id=('automation.print_stuff',), friendly_name=all automations, hidden=True @ 2017-11-03T19:47:31.191468-05:00>, old_state=None>
2017-11-04 00:47:31 INFO (MainThread) [homeassistant.core] Bus:Handling <Event service_executed[L]: service_call_id=1958710576-2>
2017-11-04 00:47:31 INFO (MainThread) [homeassistant.core] Bus:Handling <Event service_registered[L]: domain=automation, service=trigger>
2017-11-04 00:47:31 INFO (MainThread) [homeassistant.core] Bus:Handling <Event service_registered[L]: domain=automation, service=reload>
2017-11-04 00:47:31 INFO (MainThread) [homeassistant.core] Bus:Handling <Event service_registered[L]: domain=automation, service=toggle>
2017-11-04 00:47:31 INFO (MainThread) [homeassistant.core] Bus:Handling <Event service_registered[L]: domain=automation, service=turn_on>
2017-11-04 00:47:31 INFO (MainThread) [homeassistant.core] Bus:Handling <Event service_registered[L]: domain=automation, service=turn_off>
2017-11-04 00:47:31 INFO (MainThread) [homeassistant.setup] Setup of domain automation took 0.2 seconds.
2017-11-04 00:47:31 INFO (MainThread) [homeassistant.core] Bus:Handling <Event component_loaded[L]: component=automation>
2017-11-04 00:47:31 INFO (MainThread) [homeassistant.setup] Setting up python_script
2017-11-04 00:47:31 INFO (MainThread) [homeassistant.core] Bus:Handling <Event service_registered[L]: domain=python_script, service=hello_world>
2017-11-04 00:47:31 INFO (MainThread) [homeassistant.core] Bus:Handling <Event service_registered[L]: domain=python_script, service=delete_device>
2017-11-04 00:47:31 INFO (MainThread) [homeassistant.core] Bus:Handling <Event service_registered[L]: domain=python_script, service=read>
2017-11-04 00:47:31 INFO (MainThread) [homeassistant.core] Bus:Handling <Event service_registered[L]: domain=python_script, service=print>
2017-11-04 00:47:31 INFO (MainThread) [homeassistant.core] Bus:Handling <Event service_registered[L]: domain=python_script, service=testing>
2017-11-04 00:47:31 INFO (MainThread) [homeassistant.core] Bus:Handling <Event service_registered[L]: domain=python_script, service=gpioex>
2017-11-04 00:47:31 INFO (MainThread) [homeassistant.core] Bus:Handling <Event service_registered[L]: domain=python_script, service=test_service>
2017-11-04 00:47:31 INFO (MainThread) [homeassistant.core] Bus:Handling <Event service_registered[L]: domain=python_script, service=reload>
2017-11-04 00:47:31 INFO (MainThread) [homeassistant.setup] Setup of domain python_script took 0.0 seconds.
2017-11-04 00:47:31 INFO (MainThread) [homeassistant.core] Bus:Handling <Event component_loaded[L]: component=python_script>
2017-11-04 00:47:31 INFO (MainThread) [homeassistant.bootstrap] Home Assistant initialized in 4.76s
2017-11-04 00:47:31 INFO (MainThread) [homeassistant.core] Starting Home Assistant core loop
2017-11-04 00:47:31 INFO (MainThread) [homeassistant.core] Starting Home Assistant
2017-11-04 00:47:31 INFO (MainThread) [homeassistant.core] Bus:Handling <Event homeassistant_start[L]>
2017-11-04 00:47:31 INFO (MainThread) [homeassistant.components.automation] Initialized trigger Print Stuff
2017-11-04 00:47:31 INFO (MainThread) [homeassistant.core] Bus:Handling <Event state_changed[L]: entity_id=automation.print_stuff, new_state=<state automation.print_stuff=on; last_triggered=None, friendly_name=Print Stuff @ 2017-11-03T19:47:31.512363-05:00>, old_state=<state automation.print_stuff=off; last_triggered=None, friendly_name=Print Stuff @ 2017-11-03T19:47:31.054424-05:00>>
2017-11-04 00:47:31 INFO (MainThread) [homeassistant.core] Timer:starting
2017-11-04 00:47:31 INFO (MainThread) [homeassistant.core] Bus:Handling <Event state_changed[L]: entity_id=group.all_automations, new_state=<state group.all_automations=on; order=2, assumed_state=False, auto=True, entity_id=('automation.print_stuff',), friendly_name=all automations, hidden=True @ 2017-11-03T19:47:31.516400-05:00>, old_state=<state group.all_automations=off; order=2, assumed_state=False, auto=True, entity_id=('automation.print_stuff',), friendly_name=all automations, hidden=True @ 2017-11-03T19:47:31.191468-05:00>>
2017-11-04 00:47:33 INFO (MainThread) [homeassistant.components.http] Serving / to 192.168.0.108 (auth: True)
2017-11-04 00:47:34 INFO (MainThread) [homeassistant.components.http] Serving /api/websocket to 192.168.0.108 (auth: True)
2017-11-04 00:47:34 DEBUG (MainThread) [homeassistant.components.websocket_api] WS 1820689296: Connected 
2017-11-04 00:47:34 DEBUG (MainThread) [homeassistant.components.websocket_api] WS 1820689296: Received {'event_type': 'state_changed', 'type': 'subscribe_events', 'id': 2}
2017-11-04 00:47:34 DEBUG (MainThread) [homeassistant.components.websocket_api] WS 1820689296: Sending {'success': True, 'result': None, 'type': 'result', 'id': 2}
2017-11-04 00:47:34 DEBUG (MainThread) [homeassistant.components.websocket_api] WS 1820689296: Received {'type': 'get_states', 'id': 3}
2017-11-04 00:47:34 DEBUG (MainThread) [homeassistant.components.websocket_api] WS 1820689296: Received {'event_type': 'component_loaded', 'type': 'subscribe_events', 'id': 4}
2017-11-04 00:47:34 DEBUG (MainThread) [homeassistant.components.websocket_api] WS 1820689296: Sending {'success': True, 'result': [<state script.dummy_panel=off; config=columns=3, cell_height=75px, cell_width=75px, entities=[OrderedDict([('entity', 'script.print_attributes'), ('caption', 'Cmd'), ('data', OrderedDict([('value', 'Cmd')]))]), OrderedDict([('entity', 'script.xxx'), ('caption', 'B1'), ('data', OrderedDict([('value', 'B1')]))]), OrderedDict([('entity', 'script.xxx'), ('caption', 'B2'), ('row_span', 3), ('data', OrderedDict([('value', 'B2')]))]), OrderedDict([('entity', 'script.xxx'), ('icon', 'mdi:power'), ('column_span', 2), ('row_span', 2), ('data', OrderedDict([('value', 'Power')]))]), OrderedDict([('entity', 'script.xxx'), ('caption', '^'), ('column', 2), ('row', 4), ('data', OrderedDict([('value', 'top')]))]), OrderedDict([('entity', 'script.xxx'), ('caption', '<'), ('column', 1), ('row', 5), ('data', OrderedDict([('value', 'left')]))]), OrderedDict([('entity', 'script.xxx'), ('caption', 'OK'), ('column', 2), ('row', 5), ('data', OrderedDict([('value', 'ok')]))]), OrderedDict([('entity', 'script.xxx'), ('caption', '>'), ('column', 3), ('row', 5), ('data', OrderedDict([('value', 'right')]))]), OrderedDict([('entity', 'script.xxx'), ('caption', 'v'), ('column', 2), ('row', 6), ('data', OrderedDict([('value', 'bottom')]))])], last_triggered=None, friendly_name=dummy_panel, custom_ui_state_card=state-card-button-panel @ 2017-11-03T19:47:31.032687-05:00>, <state group.all_scripts=off; order=1, assumed_state=False, auto=True, entity_id=('script.add_remote', 'script.dummy_panel', 'script.print_attributes', 'script.xxx'), friendly_name=all scripts, hidden=True @ 2017-11-03T19:47:31.172803-05:00>, <state script.xxx=off; last_triggered=None, friendly_name=xxx @ 2017-11-03T19:47:31.047957-05:00>, <state automation.print_stuff=on; last_triggered=None, friendly_name=Print Stuff @ 2017-11-03T19:47:31.512363-05:00>, <state group.default_view=off; order=0, assumed_state=False, view=True, entity_id=('script.add_remote', 'input_select.delete_device'), friendly_name=Device Page, hidden=True @ 2017-11-03T19:47:31.056963-05:00>, <state script.add_remote=off; config=columns=1, cell_height=75px, cell_width=460px, entities=[OrderedDict([('entity', 'script.xxx'), ('caption', 'Add Device'), ('data', OrderedDict([('value', 'unused')]))])], last_triggered=None, friendly_name=add_remote, custom_ui_state_card=state-card-button-panel @ 2017-11-03T19:47:31.050673-05:00>, <state input_select.delete_device=Select Device to Delete; friendly_name=Delete Device, options=['Select Device to Delete', 'option 2'] @ 2017-11-03T19:47:30.913331-05:00>, <state group.all_automations=on; order=2, assumed_state=False, auto=True, entity_id=('automation.print_stuff',), friendly_name=all automations, hidden=True @ 2017-11-03T19:47:31.516400-05:00>, <state script.print_attributes=off; last_triggered=None, friendly_name=print_attributes @ 2017-11-03T19:47:31.036913-05:00>], 'type': 'result', 'id': 3}
2017-11-04 00:47:34 DEBUG (MainThread) [homeassistant.components.websocket_api] WS 1820689296: Sending {'success': True, 'result': None, 'type': 'result', 'id': 4}
2017-11-04 00:47:34 DEBUG (MainThread) [homeassistant.components.websocket_api] WS 1820689296: Received {'event_type': 'service_registered', 'type': 'subscribe_events', 'id': 5}
2017-11-04 00:47:34 DEBUG (MainThread) [homeassistant.components.websocket_api] WS 1820689296: Received {'event_type': 'service_removed', 'type': 'subscribe_events', 'id': 6}
2017-11-04 00:47:34 DEBUG (MainThread) [homeassistant.components.websocket_api] WS 1820689296: Received {'type': 'get_config', 'id': 7}
2017-11-04 00:47:34 DEBUG (MainThread) [homeassistant.components.websocket_api] WS 1820689296: Received {'type': 'get_panels', 'id': 8}
2017-11-04 00:47:34 DEBUG (MainThread) [homeassistant.components.websocket_api] WS 1820689296: Received {'type': 'get_services', 'id': 9}
2017-11-04 00:47:34 DEBUG (MainThread) [homeassistant.components.websocket_api] WS 1820689296: Sending {'success': True, 'result': None, 'type': 'result', 'id': 5}
2017-11-04 00:47:34 DEBUG (MainThread) [homeassistant.components.websocket_api] WS 1820689296: Sending {'success': True, 'result': None, 'type': 'result', 'id': 6}
2017-11-04 00:47:34 DEBUG (MainThread) [homeassistant.components.websocket_api] WS 1820689296: Sending {'success': True, 'result': {'location_name': 'Ruston', 'time_zone': 'America/Chicago', 'latitude': 32.5151, 'config_dir': '/home/pi/.homeassistant', 'longitude': -92.6262, 'version': '0.56.2', 'unit_system': {'temperature': '°C', 'mass': 'g', 'volume': 'L', 'length': 'km'}, 'whitelist_external_dirs': {'/home/pi/.homeassistant/www'}, 'components': {'api', 'hello_state', 'input_select', 'group', 'script', 'python_script', 'logger', 'http', 'automation', 'websocket_api', 'frontend'}, 'elevation': 91}, 'type': 'result', 'id': 7}
2017-11-04 00:47:34 DEBUG (MainThread) [homeassistant.components.websocket_api] WS 1820689296: Sending {'success': True, 'result': {'dev-state': {'url': '/frontend/panels/dev-state-7948d3dba058f31517d880df8ed0e857.html', 'url_path': 'dev-state', 'component_name': 'dev-state'}, 'dev-template': {'url': '/frontend/panels/dev-template-928e7b81b9c113b70edc9f4a1d051827.html', 'url_path': 'dev-template', 'component_name': 'dev-template'}, 'dev-event': {'url': '/frontend/panels/dev-event-d409e7ab537d9fe629126d122345279c.html', 'url_path': 'dev-event', 'component_name': 'dev-event'}, 'dev-mqtt': {'url': '/frontend/panels/dev-mqtt-94b222b013a98583842de3e72d5888c6.html', 'url_path': 'dev-mqtt', 'component_name': 'dev-mqtt'}, 'kiosk': {'url': '/frontend/panels/kiosk-b40aa5cb52dd7675bea744afcf9eebf8.html', 'url_path': 'kiosk', 'component_name': 'kiosk'}, 'dev-info': {'url': '/frontend/panels/dev-info-b0e55eb657fd75f21aba2426ac0cedc0.html', 'url_path': 'dev-info', 'component_name': 'dev-info'}, 'dev-service': {'url': '/frontend/panels/dev-service-422b2c181ee0713fa31d45a64e605baf.html', 'url_path': 'dev-service', 'component_name': 'dev-service'}}, 'type': 'result', 'id': 8}
2017-11-04 00:47:34 DEBUG (MainThread) [homeassistant.components.websocket_api] WS 1820689296: Sending {'success': True, 'result': {'input_select': {'select_previous': {'fields': {}, 'description': ''}, 'select_next': {'fields': {}, 'description': ''}, 'set_options': {'fields': {}, 'description': ''}, 'select_option': {'fields': {}, 'description': ''}}, 'group': {'set_visibility': {'fields': OrderedDict([('entity_id', OrderedDict([('description', 'Name(s) of entities to set value'), ('example', 'group.travel')])), ('visible', OrderedDict([('description', 'True if group should be shown or False if it should be hidden.'), ('example', True)]))]), 'description': 'Hide or show a group'}, 'remove': {'fields': OrderedDict([('object_id', OrderedDict([('description', 'Group id and part of entity id'), ('example', 'test_group')]))]), 'description': 'Remove a user group'}, 'reload': {'fields': {}, 'description': 'Reload group configuration.'}, 'set': {'fields': OrderedDict([('object_id', OrderedDict([('description', 'Group id and part of entity id'), ('example', 'test_group')])), ('name', OrderedDict([('description', 'Name of group'), ('example', 'My test group')])), ('view', OrderedDict([('description', 'Boolean for if the group is a view'), ('example', True)])), ('icon', OrderedDict([('description', 'Name of icon for the group'), ('example', 'mdi:camera')])), ('control', OrderedDict([('description', 'Value for control the group control'), ('example', 'hidden')])), ('visible', OrderedDict([('description', 'If the group is visible on UI'), ('example', True)])), ('entities', OrderedDict([('description', "List of all members in the group. Not compatible with 'delta'"), ('example', 'domain.entity_id1, domain.entity_id2')])), ('add_entities', OrderedDict([('description', 'List of members they will change on group listening.'), ('example', 'domain.entity_id1, domain.entity_id2')]))]), 'description': 'Create/Update a user group'}}, 'logger': {'set_level': {'fields': {}, 'description': 'Set log level for components.'}}, 'script': {'print_attributes': {'fields': {}, 'description': ''}, 'add_remote': {'fields': {}, 'description': ''}, 'toggle': {'fields': {}, 'description': ''}, 'reload': {'fields': {}, 'description': ''}, 'xxx': {'fields': {}, 'description': ''}, 'turn_on': {'fields': {}, 'description': ''}, 'dummy_panel': {'fields': {}, 'description': ''}, 'turn_off': {'fields': {}, 'description': ''}}, 'automation': {'turn_on': {'fields': OrderedDict([('entity_id', OrderedDict([('description', 'Name of the automation to turn on.'), ('example', 'automation.notify_home')]))]), 'description': 'Enable an automation.'}, 'toggle': {'fields': OrderedDict([('entity_id', OrderedDict([('description', 'Name of the automation to toggle on/off.'), ('example', 'automation.notify_home')]))]), 'description': 'Toggle an automation.'}, 'trigger': {'fields': OrderedDict([('entity_id', OrderedDict([('description', 'Name of the automation to trigger.'), ('example', 'automation.notify_home')]))]), 'description': 'Trigger the action of an automation.'}, 'reload': {'fields': {}, 'description': 'Reload the automation configuration.'}, 'turn_off': {'fields': OrderedDict([('entity_id', OrderedDict([('description', 'Name of the automation to turn off.'), ('example', 'automation.notify_home')]))]), 'description': 'Disable an automation.'}}, 'homeassistant': {'reload_core_config': {'fields': {}, 'description': 'Reload the core configuration.'}, 'stop': {'fields': {}, 'description': 'Stop the Home Assistant service. It is normal to get a "Failed to call service homeassistant/stop" message.'}, 'restart': {'fields': {}, 'description': 'Restart the Home Assistant service. It is normal to get a "Failed to call service homeassistant/restart" message.'}, 'toggle': {'fields': OrderedDict([('entity_id', OrderedDict([('description', 'The entity_id of the device to toggle on/off'), ('example', 'light.living_room')]))]), 'description': 'Generic service to toggle devices on/off under any domain. Same usage as the light.turn_on, switch.turn_on, etc. services.'}, 'check_config': {'fields': {}, 'description': 'Check the Home Assistant configuration files for errors. Errors will be displayed in the Home Assistant log.'}, 'turn_on': {'fields': OrderedDict([('entity_id', OrderedDict([('description', 'The entity_id of the device to turn on'), ('example', 'light.living_room')]))]), 'description': 'Generic service to turn devices on under any domain. Same usage as the light.turn_on, switch.turn_on, etc. services.'}, 'turn_off': {'fields': OrderedDict([('entity_id', OrderedDict([('description', 'The entity_id of the device to turn off'), ('example', 'light.living_room')]))]), 'description': 'Generic service to turn devices off under any domain. Same usage as the light.turn_on, switch.turn_on, etc. services.'}}, 'python_script': {'read': {'fields': {}, 'description': ''}, 'delete_device': {'fields': {}, 'description': ''}, 'hello_world': {'fields': {}, 'description': ''}, 'reload': {'fields': {}, 'description': ''}, 'gpioex': {'fields': {}, 'description': ''}, 'test_service': {'fields': {}, 'description': ''}, 'print': {'fields': {}, 'description': ''}, 'testing': {'fields': {}, 'description': ''}}, 'persistent_notification': {'create': {'fields': OrderedDict([('message', OrderedDict([('description', 'Message body of the notification. [Templates accepted]'), ('example', 'Please check your configuration.yaml.')])), ('title', OrderedDict([('description', 'Optional title for your notification. [Optional, Templates accepted]'), ('example', 'Test notification')])), ('notification_id', OrderedDict([('description', 'Target ID of the notification, will replace a notification with the same Id. [Optional]'), ('example', 1234)]))]), 'description': 'Show a notification in the frontend'}, 'dismiss': {'fields': OrderedDict([('notification_id', OrderedDict([('description', 'Target ID of the notification, which should be removed. [Required]'), ('example', 1234)]))]), 'description': 'Remove a notification from the frontend'}}}, 'type': 'result', 'id': 9}
2017-11-04 00:47:36 DEBUG (MainThread) [homeassistant.components.websocket_api] WS 1820689296: Received {'event_type': 'themes_updated', 'type': 'subscribe_events', 'id': 10}
2017-11-04 00:47:36 DEBUG (MainThread) [homeassistant.components.websocket_api] WS 1820689296: Sending {'success': True, 'result': None, 'type': 'result', 'id': 10}
2017-11-04 00:47:37 INFO (MainThread) [homeassistant.components.http] Serving /api/themes to 192.168.0.108 (auth: True)
2017-11-04 00:47:51 DEBUG (MainThread) [homeassistant.components.websocket_api] WS 1820689296: Received {'id': 11, 'type': 'call_service', 'service_data': {'value': 'unused'}, 'domain': 'script', 'service': 'xxx'}
2017-11-04 00:47:51 INFO (MainThread) [homeassistant.core] Bus:Handling <Event call_service[L]: service_call_id=1958710576-3, service_data=value=unused, domain=script, service=xxx>
2017-11-04 00:47:51 INFO (MainThread) [homeassistant.helpers.script] Script xxx: Running script
2017-11-04 00:47:51 INFO (MainThread) [homeassistant.helpers.script] Script xxx: Executing step call service
2017-11-04 00:47:51 INFO (MainThread) [homeassistant.core] Bus:Handling <Event call_service[L]: service_call_id=1958710576-4, service_data=value=unused, domain=python_script, service=hello_world>
2017-11-04 00:47:52 INFO (Thread-4) [homeassistant.components.python_script] Executing hello_world.py: {'value': 'unused'}
2017-11-04 00:47:52 INFO (MainThread) [homeassistant.core] Bus:Handling <Event state_changed[L]: entity_id=group.remote0, new_state=<state group.remote0=hello; entity_id=('script.dummy_panel',), view=yes @ 2017-11-03T19:47:52.068522-05:00>, old_state=None>
2017-11-04 00:47:52 DEBUG (MainThread) [homeassistant.components.websocket_api] WS 1820689296: Sending {'event': {'data': {'entity_id': 'group.remote0', 'new_state': <state group.remote0=hello; entity_id=('script.dummy_panel',), view=yes @ 2017-11-03T19:47:52.068522-05:00>, 'old_state': None}, 'event_type': 'state_changed', 'origin': 'LOCAL', 'time_fired': datetime.datetime(2017, 11, 4, 0, 47, 52, 68633, tzinfo=<UTC>)}, 'type': 'event', 'id': 2}
2017-11-04 00:47:52 INFO (Thread-4) [homeassistant.components.python_script.hello_world.py] Executing the unused script.
2017-11-04 00:47:52 INFO (MainThread) [homeassistant.core] Bus:Handling <Event unused[L]: wow=from a Python script!>
2017-11-04 00:47:52 INFO (MainThread) [homeassistant.core] Bus:Handling <Event service_executed[L]: service_call_id=1958710576-4>
2017-11-04 00:47:52 INFO (MainThread) [homeassistant.core] Bus:Handling <Event service_executed[L]: service_call_id=1958710576-3>
2017-11-04 00:47:52 INFO (MainThread) [homeassistant.core] Bus:Handling <Event state_changed[L]: entity_id=script.xxx, new_state=<state script.xxx=off; last_triggered=2017-11-03T19:47:51.975377-05:00, friendly_name=xxx @ 2017-11-03T19:47:31.047957-05:00>, old_state=<state script.xxx=off; last_triggered=None, friendly_name=xxx @ 2017-11-03T19:47:31.047957-05:00>>
2017-11-04 00:47:52 DEBUG (MainThread) [homeassistant.components.websocket_api] WS 1820689296: Sending {'event': {'data': {'entity_id': 'script.xxx', 'new_state': <state script.xxx=off; last_triggered=2017-11-03T19:47:51.975377-05:00, friendly_name=xxx @ 2017-11-03T19:47:31.047957-05:00>, 'old_state': <state script.xxx=off; last_triggered=None, friendly_name=xxx @ 2017-11-03T19:47:31.047957-05:00>}, 'event_type': 'state_changed', 'origin': 'LOCAL', 'time_fired': datetime.datetime(2017, 11, 4, 0, 47, 52, 97508, tzinfo=<UTC>)}, 'type': 'event', 'id': 2}
2017-11-04 00:47:52 DEBUG (MainThread) [homeassistant.components.websocket_api] WS 1820689296: Sending {'success': True, 'result': None, 'type': 'result', 'id': 11}
2017-11-04 00:48:03 DEBUG (MainThread) [homeassistant.components.websocket_api] WS 1820689296: Received {'id': 12, 'type': 'call_service', 'service_data': {'value': 'unused'}, 'domain': 'script', 'service': 'xxx'}
2017-11-04 00:48:03 INFO (MainThread) [homeassistant.core] Bus:Handling <Event call_service[L]: service_call_id=1958710576-5, service_data=value=unused, domain=script, service=xxx>
2017-11-04 00:48:03 INFO (MainThread) [homeassistant.helpers.script] Script xxx: Running script
2017-11-04 00:48:03 INFO (MainThread) [homeassistant.helpers.script] Script xxx: Executing step call service
2017-11-04 00:48:03 INFO (MainThread) [homeassistant.core] Bus:Handling <Event call_service[L]: service_call_id=1958710576-6, service_data=value=unused, domain=python_script, service=hello_world>
2017-11-04 00:48:03 INFO (Thread-12) [homeassistant.components.python_script] Executing hello_world.py: {'value': 'unused'}
2017-11-04 00:48:03 INFO (MainThread) [homeassistant.core] Bus:Handling <Event state_changed[L]: entity_id=group.remote1, new_state=<state group.remote1=hello; entity_id=('script.dummy_panel',), view=yes @ 2017-11-03T19:48:03.477050-05:00>, old_state=None>
2017-11-04 00:48:03 DEBUG (MainThread) [homeassistant.components.websocket_api] WS 1820689296: Sending {'event': {'data': {'entity_id': 'group.remote1', 'new_state': <state group.remote1=hello; entity_id=('script.dummy_panel',), view=yes @ 2017-11-03T19:48:03.477050-05:00>, 'old_state': None}, 'event_type': 'state_changed', 'origin': 'LOCAL', 'time_fired': datetime.datetime(2017, 11, 4, 0, 48, 3, 477162, tzinfo=<UTC>)}, 'type': 'event', 'id': 2}
2017-11-04 00:48:03 INFO (Thread-12) [homeassistant.components.python_script.hello_world.py] Executing the unused script.
2017-11-04 00:48:03 INFO (MainThread) [homeassistant.core] Bus:Handling <Event unused[L]: wow=from a Python script!>
2017-11-04 00:48:03 INFO (MainThread) [homeassistant.core] Bus:Handling <Event service_executed[L]: service_call_id=1958710576-6>
2017-11-04 00:48:03 INFO (MainThread) [homeassistant.core] Bus:Handling <Event service_executed[L]: service_call_id=1958710576-5>
2017-11-04 00:48:03 INFO (MainThread) [homeassistant.core] Bus:Handling <Event state_changed[L]: entity_id=script.xxx, new_state=<state script.xxx=off; last_triggered=2017-11-03T19:48:03.438939-05:00, friendly_name=xxx @ 2017-11-03T19:47:31.047957-05:00>, old_state=<state script.xxx=off; last_triggered=2017-11-03T19:47:51.975377-05:00, friendly_name=xxx @ 2017-11-03T19:47:31.047957-05:00>>
2017-11-04 00:48:03 DEBUG (MainThread) [homeassistant.components.websocket_api] WS 1820689296: Sending {'event': {'data': {'entity_id': 'script.xxx', 'new_state': <state script.xxx=off; last_triggered=2017-11-03T19:48:03.438939-05:00, friendly_name=xxx @ 2017-11-03T19:47:31.047957-05:00>, 'old_state': <state script.xxx=off; last_triggered=2017-11-03T19:47:51.975377-05:00, friendly_name=xxx @ 2017-11-03T19:47:31.047957-05:00>}, 'event_type': 'state_changed', 'origin': 'LOCAL', 'time_fired': datetime.datetime(2017, 11, 4, 0, 48, 3, 498320, tzinfo=<UTC>)}, 'type': 'event', 'id': 2}
2017-11-04 00:48:03 DEBUG (MainThread) [homeassistant.components.websocket_api] WS 1820689296: Sending {'success': True, 'result': None, 'type': 'result', 'id': 12}
2017-11-04 00:48:11 DEBUG (MainThread) [homeassistant.components.websocket_api] WS 1820689296: Received {'id': 13, 'type': 'call_service', 'service_data': {'value': 'unused'}, 'domain': 'script', 'service': 'xxx'}
2017-11-04 00:48:11 INFO (MainThread) [homeassistant.core] Bus:Handling <Event call_service[L]: service_call_id=1958710576-7, service_data=value=unused, domain=script, service=xxx>
2017-11-04 00:48:11 INFO (MainThread) [homeassistant.helpers.script] Script xxx: Running script
2017-11-04 00:48:11 INFO (MainThread) [homeassistant.helpers.script] Script xxx: Executing step call service
2017-11-04 00:48:11 INFO (MainThread) [homeassistant.core] Bus:Handling <Event call_service[L]: service_call_id=1958710576-8, service_data=value=unused, domain=python_script, service=hello_world>
2017-11-04 00:48:11 INFO (Thread-7) [homeassistant.components.python_script] Executing hello_world.py: {'value': 'unused'}
2017-11-04 00:48:11 INFO (MainThread) [homeassistant.core] Bus:Handling <Event state_changed[L]: entity_id=group.remote2, new_state=<state group.remote2=hello; entity_id=('script.dummy_panel',), view=yes @ 2017-11-03T19:48:11.743416-05:00>, old_state=None>
2017-11-04 00:48:11 DEBUG (MainThread) [homeassistant.components.websocket_api] WS 1820689296: Sending {'event': {'data': {'entity_id': 'group.remote2', 'new_state': <state group.remote2=hello; entity_id=('script.dummy_panel',), view=yes @ 2017-11-03T19:48:11.743416-05:00>, 'old_state': None}, 'event_type': 'state_changed', 'origin': 'LOCAL', 'time_fired': datetime.datetime(2017, 11, 4, 0, 48, 11, 743570, tzinfo=<UTC>)}, 'type': 'event', 'id': 2}
2017-11-04 00:48:11 INFO (Thread-7) [homeassistant.components.python_script.hello_world.py] Executing the unused script.
2017-11-04 00:48:11 INFO (MainThread) [homeassistant.core] Bus:Handling <Event unused[L]: wow=from a Python script!>
2017-11-04 00:48:11 INFO (MainThread) [homeassistant.core] Bus:Handling <Event service_executed[L]: service_call_id=1958710576-8>
2017-11-04 00:48:11 INFO (MainThread) [homeassistant.core] Bus:Handling <Event service_executed[L]: service_call_id=1958710576-7>
2017-11-04 00:48:11 INFO (MainThread) [homeassistant.core] Bus:Handling <Event state_changed[L]: entity_id=script.xxx, new_state=<state script.xxx=off; last_triggered=2017-11-03T19:48:11.692551-05:00, friendly_name=xxx @ 2017-11-03T19:47:31.047957-05:00>, old_state=<state script.xxx=off; last_triggered=2017-11-03T19:48:03.438939-05:00, friendly_name=xxx @ 2017-11-03T19:47:31.047957-05:00>>
2017-11-04 00:48:11 DEBUG (MainThread) [homeassistant.components.websocket_api] WS 1820689296: Sending {'event': {'data': {'entity_id': 'script.xxx', 'new_state': <state script.xxx=off; last_triggered=2017-11-03T19:48:11.692551-05:00, friendly_name=xxx @ 2017-11-03T19:47:31.047957-05:00>, 'old_state': <state script.xxx=off; last_triggered=2017-11-03T19:48:03.438939-05:00, friendly_name=xxx @ 2017-11-03T19:47:31.047957-05:00>}, 'event_type': 'state_changed', 'origin': 'LOCAL', 'time_fired': datetime.datetime(2017, 11, 4, 0, 48, 11, 784075, tzinfo=<UTC>)}, 'type': 'event', 'id': 2}
2017-11-04 00:48:11 DEBUG (MainThread) [homeassistant.components.websocket_api] WS 1820689296: Sending {'success': True, 'result': None, 'type': 'result', 'id': 13}
2017-11-04 00:48:15 DEBUG (MainThread) [homeassistant.components.websocket_api] WS 1820689296: Received {'id': 14, 'type': 'call_service', 'service_data': {'entity_id': 'input_select.delete_device', 'option': 'option 2'}, 'domain': 'input_select', 'service': 'select_option'}
2017-11-04 00:48:15 INFO (MainThread) [homeassistant.core] Bus:Handling <Event call_service[L]: service_call_id=1958710576-9, service_data=entity_id=input_select.delete_device, option=option 2, domain=input_select, service=select_option>
2017-11-04 00:48:15 INFO (MainThread) [homeassistant.core] Bus:Handling <Event state_changed[L]: entity_id=input_select.delete_device, new_state=<state input_select.delete_device=option 2; friendly_name=Delete Device, options=['Select Device to Delete', 'option 2', 'remote0', 'remote1', 'remote2'] @ 2017-11-03T19:48:15.877115-05:00>, old_state=<state input_select.delete_device=Select Device to Delete; friendly_name=Delete Device, options=['Select Device to Delete', 'option 2', 'remote0', 'remote1', 'remote2'] @ 2017-11-03T19:47:30.913331-05:00>>
2017-11-04 00:48:15 INFO (MainThread) [homeassistant.components.automation] Executing Print Stuff
2017-11-04 00:48:15 INFO (MainThread) [homeassistant.core] Bus:Handling <Event logbook_entry[L]: entity_id=automation.print_stuff, name=Print Stuff, domain=automation, message=has been triggered>
2017-11-04 00:48:15 INFO (MainThread) [homeassistant.helpers.script] Script Print Stuff: Running script
2017-11-04 00:48:15 INFO (MainThread) [homeassistant.helpers.script] Script Print Stuff: Executing step call service
2017-11-04 00:48:15 INFO (MainThread) [homeassistant.core] Bus:Handling <Event call_service[L]: service_call_id=1958710576-10, service_data=value=option 2, domain=python_script, service=print>
2017-11-04 00:48:15 DEBUG (MainThread) [homeassistant.components.websocket_api] WS 1820689296: Sending {'event': {'data': {'entity_id': 'input_select.delete_device', 'new_state': <state input_select.delete_device=option 2; friendly_name=Delete Device, options=['Select Device to Delete', 'option 2', 'remote0', 'remote1', 'remote2'] @ 2017-11-03T19:48:15.877115-05:00>, 'old_state': <state input_select.delete_device=Select Device to Delete; friendly_name=Delete Device, options=['Select Device to Delete', 'option 2', 'remote0', 'remote1', 'remote2'] @ 2017-11-03T19:47:30.913331-05:00>}, 'event_type': 'state_changed', 'origin': 'LOCAL', 'time_fired': datetime.datetime(2017, 11, 4, 0, 48, 15, 877272, tzinfo=<UTC>)}, 'type': 'event', 'id': 2}
2017-11-04 00:48:15 INFO (MainThread) [homeassistant.core] Bus:Handling <Event service_executed[L]: service_call_id=1958710576-9>
2017-11-04 00:48:15 INFO (Thread-3) [homeassistant.components.python_script] Executing print.py: {'value': 'option 2'}
2017-11-04 00:48:15 INFO (Thread-3) [homeassistant.components.python_script.print.py] {'friendly_name': 'Delete Device', 'options': ['Select Device to Delete', 'option 2', 'remote0', 'remote1', 'remote2']}
2017-11-04 00:48:15 INFO (MainThread) [homeassistant.core] Bus:Handling <Event service_executed[L]: service_call_id=1958710576-10>
2017-11-04 00:48:15 DEBUG (MainThread) [homeassistant.components.websocket_api] WS 1820689296: Sending {'success': True, 'result': None, 'type': 'result', 'id': 14}
2017-11-04 00:48:15 INFO (MainThread) [homeassistant.core] Bus:Handling <Event state_changed[L]: entity_id=automation.print_stuff, new_state=<state automation.print_stuff=on; last_triggered=2017-11-03T19:48:15.984367-05:00, friendly_name=Print Stuff @ 2017-11-03T19:47:31.512363-05:00>, old_state=<state automation.print_stuff=on; last_triggered=None, friendly_name=Print Stuff @ 2017-11-03T19:47:31.512363-05:00>>
2017-11-04 00:48:15 DEBUG (MainThread) [homeassistant.components.websocket_api] WS 1820689296: Sending {'event': {'data': {'entity_id': 'automation.print_stuff', 'new_state': <state automation.print_stuff=on; last_triggered=2017-11-03T19:48:15.984367-05:00, friendly_name=Print Stuff @ 2017-11-03T19:47:31.512363-05:00>, 'old_state': <state automation.print_stuff=on; last_triggered=None, friendly_name=Print Stuff @ 2017-11-03T19:47:31.512363-05:00>}, 'event_type': 'state_changed', 'origin': 'LOCAL', 'time_fired': datetime.datetime(2017, 11, 4, 0, 48, 15, 984900, tzinfo=<UTC>)}, 'type': 'event', 'id': 2}
